[2022-06-20T11:22:25.233Z] Log level: Info
[2022-06-20T11:22:25.236Z] [info] Validating found git in: git
[2022-06-20T11:22:25.253Z] [info] Using git 2.36.1 from git
[2022-06-20T11:22:25.279Z] > git rev-parse --show-toplevel [8ms]
[2022-06-20T11:22:25.299Z] > git rev-parse --git-dir --git-common-dir [7ms]
[2022-06-20T11:22:25.306Z] [info] Open repository: /workspace/boutique_ado_v1
[2022-06-20T11:22:25.323Z] > git status -z -uall [6ms]
[2022-06-20T11:22:25.333Z] > git symbolic-ref --short HEAD [2ms]
[2022-06-20T11:22:25.344Z] > git for-each-ref --format=%(refname)%00%(upstream:short)%00%(objectname)%00%(upstream:track)%00%(upstream:remotename)%00%(upstream:remoteref) refs/heads/main refs/remotes/main [2ms]
[2022-06-20T11:22:25.363Z] > git for-each-ref --sort -committerdate --format %(refname) %(objectname) %(*objectname) [11ms]
[2022-06-20T11:22:25.366Z] > git remote --verbose [6ms]
[2022-06-20T11:22:25.380Z] > git config --get commit.template [1ms]
[2022-06-20T11:22:26.055Z] > git check-ignore -v -z --stdin [1ms]
[2022-06-20T11:22:27.434Z] > git config --local branch.main.github-pr-owner-number [84ms]
[2022-06-20T11:23:51.710Z] > git status -z -uall [2ms]
[2022-06-20T11:23:51.716Z] > git symbolic-ref --short HEAD [1ms]
[2022-06-20T11:23:51.724Z] > git for-each-ref --format=%(refname)%00%(upstream:short)%00%(objectname)%00%(upstream:track)%00%(upstream:remotename)%00%(upstream:remoteref) refs/heads/main refs/remotes/main [1ms]
[2022-06-20T11:23:51.741Z] > git for-each-ref --sort -committerdate --format %(refname) %(objectname) %(*objectname) [9ms]
[2022-06-20T11:23:51.742Z] > git remote --verbose [2ms]
[2022-06-20T11:23:51.754Z] > git config --get commit.template [2ms]
[2022-06-20T11:23:51.789Z] > git check-ignore -v -z --stdin [1ms]
[2022-06-20T11:24:05.262Z] > git check-ignore -v -z --stdin [1ms]
[2022-06-20T11:24:10.697Z] > git show --textconv :.gitignore [10ms]
[2022-06-20T11:24:10.697Z] > git ls-files --stage -- /workspace/boutique_ado_v1/.gitignore [3ms]
[2022-06-20T11:24:10.706Z] > git cat-file -s c7bfd08cc5d7c76df17250d4b7f4c2310806ad33 [1ms]
[2022-06-20T11:25:05.000Z] > git check-ignore -v -z --stdin [1ms]
[2022-06-20T11:25:05.382Z] > git status -z -uall [2ms]
[2022-06-20T11:25:05.390Z] > git symbolic-ref --short HEAD [1ms]
[2022-06-20T11:25:05.398Z] > git for-each-ref --format=%(refname)%00%(upstream:short)%00%(objectname)%00%(upstream:track)%00%(upstream:remotename)%00%(upstream:remoteref) refs/heads/main refs/remotes/main [1ms]
[2022-06-20T11:25:05.411Z] > git for-each-ref --sort -committerdate --format %(refname) %(objectname) %(*objectname) [6ms]
[2022-06-20T11:25:05.412Z] > git remote --verbose [1ms]
[2022-06-20T11:25:05.420Z] > git config --get commit.template [0ms]
[2022-06-20T11:25:21.862Z] > git check-ignore -v -z --stdin [1ms]
[2022-06-20T11:25:22.121Z] > git status -z -uall [2ms]
[2022-06-20T11:25:22.129Z] > git symbolic-ref --short HEAD [1ms]
[2022-06-20T11:25:22.137Z] > git for-each-ref --format=%(refname)%00%(upstream:short)%00%(objectname)%00%(upstream:track)%00%(upstream:remotename)%00%(upstream:remoteref) refs/heads/main refs/remotes/main [1ms]
[2022-06-20T11:25:22.152Z] > git for-each-ref --sort -committerdate --format %(refname) %(objectname) %(*objectname) [8ms]
[2022-06-20T11:25:22.153Z] > git remote --verbose [1ms]
[2022-06-20T11:25:22.163Z] > git config --get commit.template [1ms]
[2022-06-20T11:25:51.098Z] > git status -z -uall [1ms]
[2022-06-20T11:25:51.107Z] > git symbolic-ref --short HEAD [1ms]
[2022-06-20T11:25:51.115Z] > git for-each-ref --format=%(refname)%00%(upstream:short)%00%(objectname)%00%(upstream:track)%00%(upstream:remotename)%00%(upstream:remoteref) refs/heads/main refs/remotes/main [1ms]
[2022-06-20T11:25:51.129Z] > git for-each-ref --sort -committerdate --format %(refname) %(objectname) %(*objectname) [7ms]
[2022-06-20T11:25:51.129Z] > git remote --verbose [1ms]
[2022-06-20T11:25:51.138Z] > git config --get commit.template [1ms]
[2022-06-20T11:26:51.127Z] > git status -z -uall [1ms]
[2022-06-20T11:26:51.136Z] > git symbolic-ref --short HEAD [1ms]
[2022-06-20T11:26:51.145Z] > git for-each-ref --format=%(refname)%00%(upstream:short)%00%(objectname)%00%(upstream:track)%00%(upstream:remotename)%00%(upstream:remoteref) refs/heads/main refs/remotes/main [1ms]
[2022-06-20T11:26:51.162Z] > git for-each-ref --sort -committerdate --format %(refname) %(objectname) %(*objectname) [9ms]
[2022-06-20T11:26:51.162Z] > git remote --verbose [1ms]
[2022-06-20T11:26:51.172Z] > git config --get commit.template [1ms]
[2022-06-20T11:27:39.883Z] > git status -z -uall [2ms]
[2022-06-20T11:27:39.892Z] > git symbolic-ref --short HEAD [2ms]
[2022-06-20T11:27:39.900Z] > git for-each-ref --format=%(refname)%00%(upstream:short)%00%(objectname)%00%(upstream:track)%00%(upstream:remotename)%00%(upstream:remoteref) refs/heads/main refs/remotes/main [1ms]
[2022-06-20T11:27:39.915Z] > git for-each-ref --sort -committerdate --format %(refname) %(objectname) %(*objectname) [9ms]
[2022-06-20T11:27:39.915Z] > git remote --verbose [1ms]
[2022-06-20T11:27:39.925Z] > git config --get commit.template [1ms]
[2022-06-20T11:27:40.010Z] > git ls-files --stage -- /workspace/boutique_ado_v1/.gitignore [1ms]
[2022-06-20T11:27:40.023Z] > git cat-file -s 698a2c1ab561fac4f820584a780b71ac8872b803 [5ms]
[2022-06-20T11:27:40.083Z] > git show --textconv :.gitignore [1ms]
[2022-06-20T11:27:47.653Z] > git status -z -uall [2ms]
[2022-06-20T11:27:47.661Z] > git symbolic-ref --short HEAD [2ms]
[2022-06-20T11:27:47.669Z] > git for-each-ref --format=%(refname)%00%(upstream:short)%00%(objectname)%00%(upstream:track)%00%(upstream:remotename)%00%(upstream:remoteref) refs/heads/main refs/remotes/main [1ms]
[2022-06-20T11:27:47.682Z] > git for-each-ref --sort -committerdate --format %(refname) %(objectname) %(*objectname) [7ms]
[2022-06-20T11:27:47.682Z] > git remote --verbose [1ms]
[2022-06-20T11:27:47.728Z] > git config --get commit.template [1ms]
[2022-06-20T11:27:47.801Z] > git config --local branch.main.github-pr-owner-number [2ms]
[2022-06-20T11:27:47.818Z] > git ls-files --stage -- /workspace/boutique_ado_v1/.gitignore [1ms]
[2022-06-20T11:27:47.823Z] > git cat-file -s 698a2c1ab561fac4f820584a780b71ac8872b803 [0ms]
[2022-06-20T11:27:47.862Z] > git show --textconv :.gitignore [2ms]
[2022-06-20T11:27:52.829Z] > git status -z -uall [1ms]
[2022-06-20T11:27:52.836Z] > git symbolic-ref --short HEAD [1ms]
[2022-06-20T11:27:52.844Z] > git for-each-ref --format=%(refname)%00%(upstream:short)%00%(objectname)%00%(upstream:track)%00%(upstream:remotename)%00%(upstream:remoteref) refs/heads/main refs/remotes/main [1ms]
[2022-06-20T11:27:52.859Z] > git for-each-ref --sort -committerdate --format %(refname) %(objectname) %(*objectname) [8ms]
[2022-06-20T11:27:52.859Z] > git remote --verbose [1ms]
[2022-06-20T11:27:52.869Z] > git config --get commit.template [0ms]
[2022-06-20T11:27:52.937Z] > git config --local branch.main.github-pr-owner-number [29ms]
[2022-06-20T11:27:52.982Z] > git ls-files --stage -- /workspace/boutique_ado_v1/.gitignore [1ms]
[2022-06-20T11:27:52.988Z] > git cat-file -s 698a2c1ab561fac4f820584a780b71ac8872b803 [1ms]
[2022-06-20T11:27:53.034Z] > git show --textconv :.gitignore [1ms]
[2022-06-20T11:28:38.881Z] > git show --textconv :boutique_ado/settings.py [12ms]
[2022-06-20T11:28:38.883Z] > git ls-files --stage -- /workspace/boutique_ado_v1/boutique_ado/settings.py [2ms]
[2022-06-20T11:28:38.894Z] > git cat-file -s fa864ec531b00563f86ef45c2125d31f36cacfd7 [2ms]
[2022-06-20T11:28:46.557Z] > git status -z -uall [2ms]
[2022-06-20T11:28:46.574Z] > git symbolic-ref --short HEAD [1ms]
[2022-06-20T11:28:46.590Z] > git for-each-ref --format=%(refname)%00%(upstream:short)%00%(objectname)%00%(upstream:track)%00%(upstream:remotename)%00%(upstream:remoteref) refs/heads/main refs/remotes/main [2ms]
[2022-06-20T11:28:46.623Z] > git remote --verbose [4ms]
[2022-06-20T11:28:46.623Z] > git for-each-ref --sort -committerdate --format %(refname) %(objectname) %(*objectname) [20ms]
[2022-06-20T11:28:46.643Z] > git config --get commit.template [1ms]
[2022-06-20T11:30:53.957Z] > git status -z -uall [2ms]
[2022-06-20T11:30:53.968Z] > git symbolic-ref --short HEAD [2ms]
[2022-06-20T11:30:53.979Z] > git for-each-ref --format=%(refname)%00%(upstream:short)%00%(objectname)%00%(upstream:track)%00%(upstream:remotename)%00%(upstream:remoteref) refs/heads/main refs/remotes/main [2ms]
[2022-06-20T11:30:53.998Z] > git for-each-ref --sort -committerdate --format %(refname) %(objectname) %(*objectname) [10ms]
[2022-06-20T11:30:53.999Z] > git remote --verbose [2ms]
[2022-06-20T11:30:54.014Z] > git config --get commit.template [1ms]
[2022-06-20T11:30:55.295Z] > git show --textconv :boutique_ado/settings.py [11ms]
[2022-06-20T11:30:55.297Z] > git ls-files --stage -- /workspace/boutique_ado_v1/boutique_ado/settings.py [3ms]
[2022-06-20T11:30:55.306Z] > git cat-file -s fa864ec531b00563f86ef45c2125d31f36cacfd7 [1ms]
[2022-06-20T11:31:27.306Z] > git status -z -uall [2ms]
[2022-06-20T11:31:27.316Z] > git symbolic-ref --short HEAD [1ms]
[2022-06-20T11:31:27.327Z] > git for-each-ref --format=%(refname)%00%(upstream:short)%00%(objectname)%00%(upstream:track)%00%(upstream:remotename)%00%(upstream:remoteref) refs/heads/main refs/remotes/main [1ms]
[2022-06-20T11:31:27.348Z] > git for-each-ref --sort -committerdate --format %(refname) %(objectname) %(*objectname) [11ms]
[2022-06-20T11:31:27.351Z] > git remote --verbose [4ms]
[2022-06-20T11:31:27.363Z] > git config --get commit.template [1ms]
[2022-06-20T11:31:38.606Z] > git status -z -uall [1ms]
[2022-06-20T11:31:38.618Z] > git symbolic-ref --short HEAD [2ms]
[2022-06-20T11:31:38.629Z] > git for-each-ref --format=%(refname)%00%(upstream:short)%00%(objectname)%00%(upstream:track)%00%(upstream:remotename)%00%(upstream:remoteref) refs/heads/main refs/remotes/main [2ms]
[2022-06-20T11:31:38.648Z] > git for-each-ref --sort -committerdate --format %(refname) %(objectname) %(*objectname) [9ms]
[2022-06-20T11:31:38.648Z] > git remote --verbose [1ms]
[2022-06-20T11:31:38.658Z] > git config --get commit.template [1ms]
[2022-06-20T11:32:17.995Z] > git status -z -uall [1ms]
[2022-06-20T11:32:18.005Z] > git symbolic-ref --short HEAD [1ms]
[2022-06-20T11:32:18.015Z] > git for-each-ref --format=%(refname)%00%(upstream:short)%00%(objectname)%00%(upstream:track)%00%(upstream:remotename)%00%(upstream:remoteref) refs/heads/main refs/remotes/main [2ms]
[2022-06-20T11:32:18.033Z] > git remote --verbose [1ms]
[2022-06-20T11:32:18.033Z] > git for-each-ref --sort -committerdate --format %(refname) %(objectname) %(*objectname) [10ms]
[2022-06-20T11:32:18.043Z] > git config --get commit.template [0ms]
[2022-06-20T11:32:45.972Z] > git status -z -uall [1ms]
[2022-06-20T11:32:45.984Z] > git symbolic-ref --short HEAD [2ms]
[2022-06-20T11:32:45.994Z] > git for-each-ref --format=%(refname)%00%(upstream:short)%00%(objectname)%00%(upstream:track)%00%(upstream:remotename)%00%(upstream:remoteref) refs/heads/main refs/remotes/main [1ms]
[2022-06-20T11:32:46.012Z] > git for-each-ref --sort -committerdate --format %(refname) %(objectname) %(*objectname) [10ms]
[2022-06-20T11:32:46.012Z] > git remote --verbose [1ms]
[2022-06-20T11:32:46.022Z] > git config --get commit.template [0ms]
[2022-06-20T11:34:29.207Z] > git show --textconv :boutique_ado/urls.py [34ms]
[2022-06-20T11:34:29.209Z] > git ls-files --stage -- /workspace/boutique_ado_v1/boutique_ado/urls.py [24ms]
[2022-06-20T11:34:29.221Z] > git cat-file -s 8075b6ac09a83623c0134aece0932e3f80875601 [2ms]
[2022-06-20T11:35:13.396Z] > git status -z -uall [1ms]
[2022-06-20T11:35:13.404Z] > git symbolic-ref --short HEAD [1ms]
[2022-06-20T11:35:13.412Z] > git for-each-ref --format=%(refname)%00%(upstream:short)%00%(objectname)%00%(upstream:track)%00%(upstream:remotename)%00%(upstream:remoteref) refs/heads/main refs/remotes/main [1ms]
[2022-06-20T11:35:13.433Z] > git for-each-ref --sort -committerdate --format %(refname) %(objectname) %(*objectname) [10ms]
[2022-06-20T11:35:13.434Z] > git remote --verbose [2ms]
[2022-06-20T11:35:13.446Z] > git config --get commit.template [1ms]
[2022-06-20T11:35:29.144Z] > git status -z -uall [2ms]
[2022-06-20T11:35:29.158Z] > git symbolic-ref --short HEAD [2ms]
[2022-06-20T11:35:29.171Z] > git for-each-ref --format=%(refname)%00%(upstream:short)%00%(objectname)%00%(upstream:track)%00%(upstream:remotename)%00%(upstream:remoteref) refs/heads/main refs/remotes/main [1ms]
[2022-06-20T11:35:29.200Z] > git for-each-ref --sort -committerdate --format %(refname) %(objectname) %(*objectname) [17ms]
[2022-06-20T11:35:29.200Z] > git remote --verbose [2ms]
[2022-06-20T11:35:29.214Z] > git config --get commit.template [1ms]
[2022-06-20T11:35:46.313Z] > git status -z -uall [2ms]
[2022-06-20T11:35:46.326Z] > git symbolic-ref --short HEAD [1ms]
[2022-06-20T11:35:46.338Z] > git for-each-ref --format=%(refname)%00%(upstream:short)%00%(objectname)%00%(upstream:track)%00%(upstream:remotename)%00%(upstream:remoteref) refs/heads/main refs/remotes/main [1ms]
[2022-06-20T11:35:46.363Z] > git for-each-ref --sort -committerdate --format %(refname) %(objectname) %(*objectname) [12ms]
[2022-06-20T11:35:46.363Z] > git remote --verbose [2ms]
[2022-06-20T11:35:46.377Z] > git config --get commit.template [1ms]
[2022-06-20T11:36:38.030Z] > git show --textconv :boutique_ado/settings.py [11ms]
[2022-06-20T11:36:38.031Z] > git ls-files --stage -- /workspace/boutique_ado_v1/boutique_ado/settings.py [2ms]
[2022-06-20T11:36:38.044Z] > git cat-file -s fa864ec531b00563f86ef45c2125d31f36cacfd7 [1ms]
[2022-06-20T11:37:00.103Z] > git status -z -uall [2ms]
[2022-06-20T11:37:00.111Z] > git symbolic-ref --short HEAD [2ms]
[2022-06-20T11:37:00.118Z] > git for-each-ref --format=%(refname)%00%(upstream:short)%00%(objectname)%00%(upstream:track)%00%(upstream:remotename)%00%(upstream:remoteref) refs/heads/main refs/remotes/main [1ms]
[2022-06-20T11:37:00.133Z] > git for-each-ref --sort -committerdate --format %(refname) %(objectname) %(*objectname) [9ms]
[2022-06-20T11:37:00.134Z] > git remote --verbose [2ms]
[2022-06-20T11:37:00.142Z] > git config --get commit.template [1ms]
[2022-06-20T11:37:05.156Z] > git status -z -uall [1ms]
[2022-06-20T11:37:05.166Z] > git symbolic-ref --short HEAD [1ms]
[2022-06-20T11:37:05.177Z] > git for-each-ref --format=%(refname)%00%(upstream:short)%00%(objectname)%00%(upstream:track)%00%(upstream:remotename)%00%(upstream:remoteref) refs/heads/main refs/remotes/main [1ms]
[2022-06-20T11:37:05.197Z] > git for-each-ref --sort -committerdate --format %(refname) %(objectname) %(*objectname) [10ms]
[2022-06-20T11:37:05.197Z] > git remote --verbose [1ms]
[2022-06-20T11:37:05.209Z] > git config --get commit.template [1ms]
[2022-06-20T11:37:15.677Z] > git status -z -uall [1ms]
[2022-06-20T11:37:15.688Z] > git symbolic-ref --short HEAD [1ms]
[2022-06-20T11:37:15.700Z] > git for-each-ref --format=%(refname)%00%(upstream:short)%00%(objectname)%00%(upstream:track)%00%(upstream:remotename)%00%(upstream:remoteref) refs/heads/main refs/remotes/main [1ms]
[2022-06-20T11:37:15.718Z] > git for-each-ref --sort -committerdate --format %(refname) %(objectname) %(*objectname) [9ms]
[2022-06-20T11:37:15.719Z] > git remote --verbose [2ms]
[2022-06-20T11:37:15.730Z] > git config --get commit.template [1ms]
[2022-06-20T11:37:20.742Z] > git status -z -uall [1ms]
[2022-06-20T11:37:20.754Z] > git symbolic-ref --short HEAD [1ms]
[2022-06-20T11:37:20.764Z] > git for-each-ref --format=%(refname)%00%(upstream:short)%00%(objectname)%00%(upstream:track)%00%(upstream:remotename)%00%(upstream:remoteref) refs/heads/main refs/remotes/main [1ms]
[2022-06-20T11:37:20.779Z] > git for-each-ref --sort -committerdate --format %(refname) %(objectname) %(*objectname) [6ms]
[2022-06-20T11:37:20.779Z] > git remote --verbose [1ms]
[2022-06-20T11:37:20.792Z] > git config --get commit.template [1ms]
[2022-06-20T11:38:13.996Z] > git status -z -uall [2ms]
[2022-06-20T11:38:14.006Z] > git symbolic-ref --short HEAD [2ms]
[2022-06-20T11:38:14.015Z] > git for-each-ref --format=%(refname)%00%(upstream:short)%00%(objectname)%00%(upstream:track)%00%(upstream:remotename)%00%(upstream:remoteref) refs/heads/main refs/remotes/main [1ms]
[2022-06-20T11:38:14.035Z] > git for-each-ref --sort -committerdate --format %(refname) %(objectname) %(*objectname) [10ms]
[2022-06-20T11:38:14.036Z] > git remote --verbose [2ms]
[2022-06-20T11:38:14.047Z] > git config --get commit.template [0ms]
[2022-06-20T11:38:19.061Z] > git status -z -uall [1ms]
[2022-06-20T11:38:19.072Z] > git symbolic-ref --short HEAD [1ms]
[2022-06-20T11:38:19.082Z] > git for-each-ref --format=%(refname)%00%(upstream:short)%00%(objectname)%00%(upstream:track)%00%(upstream:remotename)%00%(upstream:remoteref) refs/heads/main refs/remotes/main [1ms]
[2022-06-20T11:38:19.100Z] > git for-each-ref --sort -committerdate --format %(refname) %(objectname) %(*objectname) [9ms]
[2022-06-20T11:38:19.100Z] > git remote --verbose [1ms]
[2022-06-20T11:38:19.113Z] > git config --get commit.template [1ms]
[2022-06-20T11:42:33.569Z] > git status -z -uall [1ms]
[2022-06-20T11:42:33.577Z] > git symbolic-ref --short HEAD [1ms]
[2022-06-20T11:42:33.589Z] > git for-each-ref --format=%(refname)%00%(upstream:short)%00%(objectname)%00%(upstream:track)%00%(upstream:remotename)%00%(upstream:remoteref) refs/heads/main refs/remotes/main [1ms]
[2022-06-20T11:42:33.608Z] > git for-each-ref --sort -committerdate --format %(refname) %(objectname) %(*objectname) [10ms]
[2022-06-20T11:42:33.609Z] > git remote --verbose [1ms]
[2022-06-20T11:42:33.623Z] > git config --get commit.template [1ms]
[2022-06-20T11:42:38.635Z] > git status -z -uall [1ms]
[2022-06-20T11:42:38.646Z] > git symbolic-ref --short HEAD [1ms]
[2022-06-20T11:42:38.656Z] > git for-each-ref --format=%(refname)%00%(upstream:short)%00%(objectname)%00%(upstream:track)%00%(upstream:remotename)%00%(upstream:remoteref) refs/heads/main refs/remotes/main [2ms]
[2022-06-20T11:42:38.673Z] > git for-each-ref --sort -committerdate --format %(refname) %(objectname) %(*objectname) [9ms]
[2022-06-20T11:42:38.674Z] > git remote --verbose [2ms]
[2022-06-20T11:42:38.686Z] > git config --get commit.template [2ms]
[2022-06-20T11:42:48.984Z] > git show --textconv :boutique_ado/urls.py [9ms]
[2022-06-20T11:42:48.985Z] > git ls-files --stage -- /workspace/boutique_ado_v1/boutique_ado/urls.py [1ms]
[2022-06-20T11:42:48.994Z] > git cat-file -s 8075b6ac09a83623c0134aece0932e3f80875601 [1ms]
[2022-06-20T11:42:54.021Z] > git status -z -uall [1ms]
[2022-06-20T11:42:54.029Z] > git symbolic-ref --short HEAD [1ms]
[2022-06-20T11:42:54.040Z] > git for-each-ref --format=%(refname)%00%(upstream:short)%00%(objectname)%00%(upstream:track)%00%(upstream:remotename)%00%(upstream:remoteref) refs/heads/main refs/remotes/main [1ms]
[2022-06-20T11:42:54.059Z] > git for-each-ref --sort -committerdate --format %(refname) %(objectname) %(*objectname) [10ms]
[2022-06-20T11:42:54.059Z] > git remote --verbose [1ms]
[2022-06-20T11:42:54.073Z] > git config --get commit.template [1ms]
[2022-06-20T11:43:00.649Z] > git show --textconv :boutique_ado/settings.py [10ms]
[2022-06-20T11:43:00.650Z] > git ls-files --stage -- /workspace/boutique_ado_v1/boutique_ado/settings.py [3ms]
[2022-06-20T11:43:00.662Z] > git cat-file -s fa864ec531b00563f86ef45c2125d31f36cacfd7 [1ms]
[2022-06-20T11:46:52.209Z] > git status -z -uall [1ms]
[2022-06-20T11:46:52.222Z] > git symbolic-ref --short HEAD [2ms]
[2022-06-20T11:46:52.234Z] > git for-each-ref --format=%(refname)%00%(upstream:short)%00%(objectname)%00%(upstream:track)%00%(upstream:remotename)%00%(upstream:remoteref) refs/heads/main refs/remotes/main [1ms]
[2022-06-20T11:46:52.256Z] > git for-each-ref --sort -committerdate --format %(refname) %(objectname) %(*objectname) [11ms]
[2022-06-20T11:46:52.256Z] > git remote --verbose [1ms]
[2022-06-20T11:46:52.269Z] > git config --get commit.template [2ms]
[2022-06-20T11:47:28.673Z] > git check-ignore -v -z --stdin [1ms]
[2022-06-20T11:47:29.115Z] > git status -z -uall [1ms]
[2022-06-20T11:47:29.127Z] > git symbolic-ref --short HEAD [2ms]
[2022-06-20T11:47:29.138Z] > git for-each-ref --format=%(refname)%00%(upstream:short)%00%(objectname)%00%(upstream:track)%00%(upstream:remotename)%00%(upstream:remoteref) refs/heads/main refs/remotes/main [2ms]
[2022-06-20T11:47:29.160Z] > git for-each-ref --sort -committerdate --format %(refname) %(objectname) %(*objectname) [10ms]
[2022-06-20T11:47:29.161Z] > git remote --verbose [2ms]
[2022-06-20T11:47:29.174Z] > git config --get commit.template [1ms]
[2022-06-20T11:47:52.059Z] > git status -z -uall [2ms]
[2022-06-20T11:47:52.070Z] > git symbolic-ref --short HEAD [1ms]
[2022-06-20T11:47:52.081Z] > git for-each-ref --format=%(refname)%00%(upstream:short)%00%(objectname)%00%(upstream:track)%00%(upstream:remotename)%00%(upstream:remoteref) refs/heads/main refs/remotes/main [2ms]
[2022-06-20T11:47:52.102Z] > git for-each-ref --sort -committerdate --format %(refname) %(objectname) %(*objectname) [10ms]
[2022-06-20T11:47:52.103Z] > git remote --verbose [2ms]
[2022-06-20T11:47:52.115Z] > git config --get commit.template [1ms]
[2022-06-20T11:47:52.224Z] > git check-ignore -v -z --stdin [2ms]
[2022-06-20T11:48:01.481Z] > git status -z -uall [2ms]
[2022-06-20T11:48:01.493Z] > git symbolic-ref --short HEAD [1ms]
[2022-06-20T11:48:01.506Z] > git for-each-ref --format=%(refname)%00%(upstream:short)%00%(objectname)%00%(upstream:track)%00%(upstream:remotename)%00%(upstream:remoteref) refs/heads/main refs/remotes/main [2ms]
[2022-06-20T11:48:01.527Z] > git for-each-ref --sort -committerdate --format %(refname) %(objectname) %(*objectname) [12ms]
[2022-06-20T11:48:01.527Z] > git remote --verbose [1ms]
[2022-06-20T11:48:01.540Z] > git config --get commit.template [1ms]
[2022-06-20T11:48:03.823Z] > git check-ignore -v -z --stdin [1ms]
[2022-06-20T11:48:15.915Z] > git status -z -uall [1ms]
[2022-06-20T11:48:15.928Z] > git symbolic-ref --short HEAD [1ms]
[2022-06-20T11:48:15.941Z] > git for-each-ref --format=%(refname)%00%(upstream:short)%00%(objectname)%00%(upstream:track)%00%(upstream:remotename)%00%(upstream:remoteref) refs/heads/main refs/remotes/main [2ms]
[2022-06-20T11:48:15.964Z] > git for-each-ref --sort -committerdate --format %(refname) %(objectname) %(*objectname) [12ms]
[2022-06-20T11:48:15.964Z] > git remote --verbose [1ms]
[2022-06-20T11:48:15.975Z] > git config --get commit.template [1ms]
[2022-06-20T11:48:16.043Z] > git ls-files --stage -- /workspace/boutique_ado_v1/boutique_ado/settings.py [2ms]
[2022-06-20T11:48:16.052Z] > git cat-file -s 22c5f0995736ac7ea54d17323bf5affbbe2d5b41 [1ms]
[2022-06-20T11:48:16.094Z] > git show --textconv :boutique_ado/settings.py [2ms]
[2022-06-20T11:48:26.838Z] > git status -z -uall [1ms]
[2022-06-20T11:48:26.849Z] > git symbolic-ref --short HEAD [1ms]
[2022-06-20T11:48:26.860Z] > git for-each-ref --format=%(refname)%00%(upstream:short)%00%(objectname)%00%(upstream:track)%00%(upstream:remotename)%00%(upstream:remoteref) refs/heads/main refs/remotes/main [2ms]
[2022-06-20T11:48:26.883Z] > git for-each-ref --sort -committerdate --format %(refname) %(objectname) %(*objectname) [13ms]
[2022-06-20T11:48:26.883Z] > git remote --verbose [2ms]
[2022-06-20T11:48:26.950Z] > git config --get commit.template [1ms]
[2022-06-20T11:48:26.993Z] > git config --local branch.main.github-pr-owner-number [3ms]
[2022-06-20T11:48:27.018Z] > git ls-files --stage -- /workspace/boutique_ado_v1/boutique_ado/settings.py [2ms]
[2022-06-20T11:48:27.031Z] > git cat-file -s 22c5f0995736ac7ea54d17323bf5affbbe2d5b41 [2ms]
[2022-06-20T11:48:27.076Z] > git show --textconv :boutique_ado/settings.py [2ms]
[2022-06-20T11:48:30.868Z] > git ls-files --stage -- /workspace/boutique_ado_v1/boutique_ado/settings.py [1ms]
[2022-06-20T11:48:30.879Z] > git cat-file -s 22c5f0995736ac7ea54d17323bf5affbbe2d5b41 [1ms]
[2022-06-20T11:48:30.921Z] > git show --textconv :boutique_ado/settings.py [2ms]
[2022-06-20T11:48:31.964Z] > git status -z -uall [1ms]
[2022-06-20T11:48:31.974Z] > git symbolic-ref --short HEAD [1ms]
[2022-06-20T11:48:31.985Z] > git for-each-ref --format=%(refname)%00%(upstream:short)%00%(objectname)%00%(upstream:track)%00%(upstream:remotename)%00%(upstream:remoteref) refs/heads/main refs/remotes/main [2ms]
[2022-06-20T11:48:32.000Z] > git for-each-ref --sort -committerdate --format %(refname) %(objectname) %(*objectname) [6ms]
[2022-06-20T11:48:32.001Z] > git remote --verbose [1ms]
[2022-06-20T11:48:32.009Z] > git config --get commit.template [1ms]
[2022-06-20T11:48:32.106Z] > git config --local branch.main.github-pr-owner-number [35ms]
[2022-06-20T11:51:28.846Z] > git check-ignore -v -z --stdin [1ms]
[2022-06-20T11:51:29.684Z] > git check-ignore -v -z --stdin [1ms]
[2022-06-20T11:51:30.808Z] > git status -z -uall [54ms]
[2022-06-20T11:51:30.820Z] > git symbolic-ref --short HEAD [1ms]
[2022-06-20T11:51:30.830Z] > git for-each-ref --format=%(refname)%00%(upstream:short)%00%(objectname)%00%(upstream:track)%00%(upstream:remotename)%00%(upstream:remoteref) refs/heads/main refs/remotes/main [1ms]
[2022-06-20T11:51:30.853Z] > git for-each-ref --sort -committerdate --format %(refname) %(objectname) %(*objectname) [13ms]
[2022-06-20T11:51:30.853Z] > git remote --verbose [3ms]
[2022-06-20T11:51:32.560Z] > git config --get commit.template [1573ms]
[2022-06-20T11:51:44.453Z] > git check-ignore -v -z --stdin [1ms]
[2022-06-20T11:52:02.938Z] > git check-ignore -v -z --stdin [1ms]
[2022-06-20T11:52:04.438Z] > git check-ignore -v -z --stdin [1ms]
[2022-06-20T11:52:07.129Z] > git check-ignore -v -z --stdin [1ms]
[2022-06-20T11:53:37.872Z] > git status -z -uall [56ms]
[2022-06-20T11:53:37.883Z] > git symbolic-ref --short HEAD [1ms]
[2022-06-20T11:53:37.894Z] > git for-each-ref --format=%(refname)%00%(upstream:short)%00%(objectname)%00%(upstream:track)%00%(upstream:remotename)%00%(upstream:remoteref) refs/heads/main refs/remotes/main [1ms]
[2022-06-20T11:53:37.907Z] > git for-each-ref --sort -committerdate --format %(refname) %(objectname) %(*objectname) [6ms]
[2022-06-20T11:53:37.907Z] > git remote --verbose [1ms]
[2022-06-20T11:53:38.033Z] > git config --get commit.template [7ms]
